0 info it worked if it ends with ok
1 verbose cli [
1 verbose cli   'C:\\Program Files\\nodejs\\node.exe',
1 verbose cli   'C:\\Users\\Usuario\\AppData\\Roaming\\npm\\node_modules\\npm\\bin\\npm-cli.js',
1 verbose cli   'install',
1 verbose cli   '-g',
1 verbose cli   'npm@latest'
1 verbose cli ]
2 info using npm@3.10.10
3 info using node@v16.14.2
4 silly loadCurrentTree Starting
5 silly install loadCurrentTree
6 silly install readGlobalPackageData
7 silly fetchPackageMetaData npm@latest
8 silly fetchNamedPackageData npm
9 silly mapToRegistry name npm
10 silly mapToRegistry using default registry
11 silly mapToRegistry registry https://registry.npmjs.org/
12 silly mapToRegistry data Result {
12 silly mapToRegistry   raw: 'npm',
12 silly mapToRegistry   scope: null,
12 silly mapToRegistry   escapedName: 'npm',
12 silly mapToRegistry   name: 'npm',
12 silly mapToRegistry   rawSpec: '',
12 silly mapToRegistry   spec: 'latest',
12 silly mapToRegistry   type: 'tag'
12 silly mapToRegistry }
13 silly mapToRegistry uri https://registry.npmjs.org/npm
14 verbose request uri https://registry.npmjs.org/npm
15 verbose request no auth needed
16 info attempt registry request try #1 at 17:37:51
17 verbose request id 39842d19f0d5ba27
18 verbose etag W/"1825ab8bbdee17d59b61453b284eb32b"
19 verbose lastModified Thu, 31 Mar 2022 22:37:43 GMT
20 http request GET https://registry.npmjs.org/npm
21 http 304 https://registry.npmjs.org/npm
22 verbose headers {
22 verbose headers   date: 'Sun, 03 Apr 2022 20:37:57 GMT',
22 verbose headers   connection: 'keep-alive',
22 verbose headers   'cf-ray': '6f649aec2c5a2673-GIG',
22 verbose headers   age: '166',
22 verbose headers   'cache-control': 'public, max-age=300',
22 verbose headers   etag: '"1825ab8bbdee17d59b61453b284eb32b"',
22 verbose headers   'last-modified': 'Thu, 31 Mar 2022 22:37:43 GMT',
22 verbose headers   vary: 'Accept-Encoding',
22 verbose headers   'cf-cache-status': 'HIT',
22 verbose headers   'expect-ct': 'max-age=604800, report-uri="https://report-uri.cloudflare.com/cdn-cgi/beacon/expect-ct"',
22 verbose headers   'x-amz-replication-status': 'COMPLETED',
22 verbose headers   server: 'cloudflare'
22 verbose headers }
23 silly get cb [
23 silly get   304,
23 silly get   {
23 silly get     date: 'Sun, 03 Apr 2022 20:37:57 GMT',
23 silly get     connection: 'keep-alive',
23 silly get     'cf-ray': '6f649aec2c5a2673-GIG',
23 silly get     age: '166',
23 silly get     'cache-control': 'public, max-age=300',
23 silly get     etag: '"1825ab8bbdee17d59b61453b284eb32b"',
23 silly get     'last-modified': 'Thu, 31 Mar 2022 22:37:43 GMT',
23 silly get     vary: 'Accept-Encoding',
23 silly get     'cf-cache-status': 'HIT',
23 silly get     'expect-ct': 'max-age=604800, report-uri="https://report-uri.cloudflare.com/cdn-cgi/beacon/expect-ct"',
23 silly get     'x-amz-replication-status': 'COMPLETED',
23 silly get     server: 'cloudflare'
23 silly get   }
23 silly get ]
24 verbose etag https://registry.npmjs.org/npm from cache
25 verbose get saving npm to C:\Users\Usuario\AppData\Roaming\npm-cache\registry.npmjs.org\npm\.cache.json
26 verbose correctMkdir C:\Users\Usuario\AppData\Roaming\npm-cache correctMkdir not in flight; initializing
27 verbose stack TypeError: cb.apply is not a function
27 verbose stack     at C:\Users\Usuario\AppData\Roaming\npm\node_modules\npm\node_modules\graceful-fs\polyfills.js:267:18
27 verbose stack     at FSReqCallback.oncomplete (node:fs:199:5)
28 verbose cwd D:\Projetos\BrunoDev\ex-react-js-dotnet6-api
29 error Windows_NT 10.0.22000
30 error argv "C:\\Program Files\\nodejs\\node.exe" "C:\\Users\\Usuario\\AppData\\Roaming\\npm\\node_modules\\npm\\bin\\npm-cli.js" "install" "-g" "npm@latest"
31 error node v16.14.2
32 error npm  v3.10.10
33 error cb.apply is not a function
34 error If you need help, you may report this error at:
34 error     <https://github.com/npm/npm/issues>
35 verbose exit [ 1, true ]
